<?xml version="1.0" encoding="UTF-8"?>
<testng-results ignored="0" total="1" passed="1" failed="0" skipped="0">
  <reporter-output>
  </reporter-output>
  <suite started-at="2023-03-19T14:04:28 EET" name="Default suite" finished-at="2023-03-19T14:04:51 EET" duration-ms="23495">
    <groups>
    </groups>
    <test started-at="2023-03-19T14:04:28 EET" name="Default test" finished-at="2023-03-19T14:04:51 EET" duration-ms="23495">
      <class name="Test.NewTest">
        <test-method signature="f()[pri:0, instance:Test.NewTest@3febb011]" started-at="2023-03-19T14:04:28 EET" name="f" finished-at="2023-03-19T14:04:51 EET" duration-ms="23250" status="PASS">
          <reporter-output>
          </reporter-output>
        </test-method> <!-- f -->
      </class> <!-- Test.NewTest -->
    </test> <!-- Default test -->
  </suite> <!-- Default suite -->
</testng-results>
